03:28:14.118 > connect to wifi
03:28:14.118 > wifi connecting
03:28:17.363 > Connected to WiFi
03:28:21.785 > connecting to MQTT
03:28:22.040 > MQTT Connected
03:28:23.948 > ets Jun  8 2016 00:22:57
03:28:23.950 > 
03:28:23.950 > rst:0x1 (POWERON_RESET),boot:0x13 (SPI_FAST_FLASH_BOOT)
03:28:23.956 > configsip: 0, SPIWP:0xee
03:28:23.957 > clk_drv:0x00,q_drv:0x00,d_drv:0x00,cs0_drv:0x00,hd_drv:0x00,wp_drv:0x00
03:28:23.963 > mode:DIO, clock div:2
03:28:23.965 > load:0x3fff0030,len:1184
03:28:23.967 > load:0x40078000,len:13192
03:28:23.970 > load:0x40080400,len:3028
03:28:23.975 > entry 0x400805e4
03:28:24.326 > connect to wifi
03:28:24.457 > wifi connecting
03:28:28.458 > Connected to WiFi
03:28:30.697 > connecting to MQTT
03:28:30.952 > MQTT Connected
