10:18:37 **** Incremental Build of configuration Nios II for project D8M_Test ****
make all 
Info: Building ../D8M_Test_bsp/
E:/intelFPGA/16.1/nios2eds/bin/gnu/H-x86_64-mingw32/bin/make --no-print-directory -C ../D8M_Test_bsp/
[BSP build complete]
Info: Compiling mipi_camera_config.c to obj/default/mipi_camera_config.o
nios2-elf-gcc -xc -MP -MMD -c -I../D8M_Test_bsp//HAL/inc -I../D8M_Test_bsp/ -I../D8M_Test_bsp//drivers/inc  -pipe -D__hal__ -DALT_NO_INSTRUCTION_EMULATION -DALT_SINGLE_THREADED    -O0 -g -Wall   -mno-hw-div -mhw-mul -mno-hw-mulx -mgpopt=global  -o obj/default/mipi_camera_config.o mipi_camera_config.c
Info: Linking D8M_Test.elf
nios2-elf-g++  -T'../D8M_Test_bsp//linker.x' -msys-crt0='../D8M_Test_bsp//obj/HAL/src/crt0.o' -msys-lib=hal_bsp -L../D8M_Test_bsp/   -Wl,-Map=D8M_Test.map   -O0 -g -Wall   -mno-hw-div -mhw-mul -mno-hw-mulx -mgpopt=global  -o D8M_Test.elf obj/default/I2C_core.o obj/default/auto_focus.o obj/default/main.o obj/default/mipi_bridge_config.o obj/default/mipi_camera_config.o obj/default/queue.o -lm -msys-lib=m
nios2-elf-insert D8M_Test.elf --thread_model hal --cpu_name nios2_gen2 --qsys true --simulation_enabled false --id 0 --sidp 0x41100 --timestamp 1492051410 --stderr_dev jtag_uart --stdin_dev jtag_uart --stdout_dev jtag_uart --sopc_system_name Qsys --quartus_project_dir "F:/richard/D8M/DE2_115_D8M_VIP" --jdi ../..//output_files/DE2_115_D8M_VIP.jdi --sopcinfo F:/richard/D8M/DE2_115_D8M_VIP/software/D8M_Test_bsp/../../Qsys.sopcinfo
Info: (D8M_Test.elf) 81 KBytes program size (code + initialized data).
Info:                7904 Bytes free for stack + heap.
Info: Creating D8M_Test.objdump
nios2-elf-objdump --disassemble --syms --all-header --source D8M_Test.elf >D8M_Test.objdump
[D8M_Test build complete]
10:18:41 **** Incremental Build of configuration Nios II for project D8M_Test ****
make all 
Info: Building ../D8M_Test_bsp/
E:/intelFPGA/16.1/nios2eds/bin/gnu/H-x86_64-mingw32/bin/make --no-print-directory -C ../D8M_Test_bsp/
[BSP build complete]
[D8M_Test build complete]
